<?xml version="1.0" encoding="UTF-8"?>
<testng-results ignored="0" total="1" passed="1" failed="0" skipped="0">
  <reporter-output>
  </reporter-output>
  <suite started-at="2018-11-30T15:55:13Z" name="Default suite" finished-at="2018-11-30T15:55:13Z" duration-ms="54">
    <groups>
    </groups>
    <test started-at="2018-11-30T15:55:13Z" name="Default test" finished-at="2018-11-30T15:55:13Z" duration-ms="54">
      <class name="Samplepackage.Testprogramme">
        <test-method signature="testmethod()[pri:0, instance:Samplepackage.Testprogramme@4de4b452]" started-at="2018-11-30T15:55:13Z" name="testmethod" finished-at="2018-11-30T15:55:13Z" duration-ms="19" status="PASS">
          <reporter-output>
          </reporter-output>
        </test-method> <!-- testmethod -->
      </class> <!-- Samplepackage.Testprogramme -->
    </test> <!-- Default test -->
  </suite> <!-- Default suite -->
</testng-results>
